<?xml version="1.0" encoding="UTF-8"?>
<!-- Generated by org.testng.reporters.JUnitXMLReporter -->
<testsuite ignored="0" hostname="DESKTOP-DF79S8Q" failures="2" tests="2" name="firefox" time="31.914" errors="0" timestamp="05 Dec 2021 04:31:22 GMT">
  <testcase classname="testmethod.AdactinExecution" name="loginWithInValidCredentias" time="0.004">
    <failure type="java.lang.NullPointerException" message="Cannot invoke &amp;quot;pagefactory.PageRepository.getAl()&amp;quot; because &amp;quot;testmethod.AdactinExecution.pr&amp;quot; is null">
      <![CDATA[java.lang.NullPointerException: Cannot invoke "pagefactory.PageRepository.getAl()" because "testmethod.AdactinExecution.pr" is null
at testmethod.AdactinExecution.loginWithInValidCredentias(AdactinExecution.java:33)
at java.base/java.util.concurrent.ThreadPoolExecutor.runWorker(ThreadPoolExecutor.java:1136)
at java.base/java.util.concurrent.ThreadPoolExecutor$Worker.run(ThreadPoolExecutor.java:635)
at java.base/java.lang.Thread.run(Thread.java:833)
... Removed 10 stack frames]]>
    </failure>
  </testcase> <!-- loginWithInValidCredentias -->
  <testcase classname="testmethod.AdactinExecution" name="loginWithValidCredentias" time="0.004">
    <failure type="java.lang.NullPointerException" message="Cannot invoke &amp;quot;pagefactory.PageRepository.getAl()&amp;quot; because &amp;quot;testmethod.AdactinExecution.pr&amp;quot; is null">
      <![CDATA[java.lang.NullPointerException: Cannot invoke "pagefactory.PageRepository.getAl()" because "testmethod.AdactinExecution.pr" is null
at testmethod.AdactinExecution.loginWithValidCredentias(AdactinExecution.java:25)
at java.base/java.util.concurrent.ThreadPoolExecutor.runWorker(ThreadPoolExecutor.java:1136)
at java.base/java.util.concurrent.ThreadPoolExecutor$Worker.run(ThreadPoolExecutor.java:635)
at java.base/java.lang.Thread.run(Thread.java:833)
... Removed 10 stack frames]]>
    </failure>
  </testcase> <!-- loginWithValidCredentias -->
</testsuite> <!-- firefox -->
