<?xml version="1.0" encoding="UTF-8"?>
<testng-results ignored="0" total="4" passed="4" failed="0" skipped="0">
  <reporter-output>
  </reporter-output>
  <suite started-at="2021-12-05T06:55:21Z" name="Suite" finished-at="2021-12-05T06:56:46Z" duration-ms="85641">
    <groups>
    </groups>
    <test started-at="2021-12-05T06:55:21Z" name="ChromeTest" finished-at="2021-12-05T06:55:45Z" duration-ms="24008">
      <class name="testmethod.AdactinExecution">
        <test-method is-config="true" signature="browserlaunch(java.lang.String)[pri:0, instance:testmethod.AdactinExecution@38604b81]" started-at="2021-12-05T06:55:21Z" name="browserlaunch" finished-at="2021-12-05T06:55:31Z" duration-ms="10214" status="PASS">
          <params>
            <param index="0">
              <value>
                <![CDATA[chrome]]>
              </value>
            </param>
          </params>
          <reporter-output>
          </reporter-output>
        </test-method> <!-- browserlaunch -->
        <test-method is-config="true" signature="beforeMethod(java.lang.String)[pri:0, instance:testmethod.AdactinExecution@38604b81]" started-at="2021-12-05T06:55:31Z" name="beforeMethod" finished-at="2021-12-05T06:55:41Z" duration-ms="10251" status="PASS">
          <params>
            <param index="0">
              <value>
                <![CDATA[https://adactinhotelapp.com/]]>
              </value>
            </param>
          </params>
          <reporter-output>
          </reporter-output>
        </test-method> <!-- beforeMethod -->
        <test-method signature="loginWithInValidCredentias()[pri:0, instance:testmethod.AdactinExecution@38604b81]" started-at="2021-12-05T06:55:41Z" name="loginWithInValidCredentias" finished-at="2021-12-05T06:55:43Z" duration-ms="1781" status="PASS">
          <reporter-output>
          </reporter-output>
        </test-method> <!-- loginWithInValidCredentias -->
        <test-method is-config="true" signature="afterMethod()[pri:0, instance:testmethod.AdactinExecution@38604b81]" started-at="2021-12-05T06:55:43Z" name="afterMethod" finished-at="2021-12-05T06:55:43Z" duration-ms="0" status="PASS">
          <reporter-output>
          </reporter-output>
        </test-method> <!-- afterMethod -->
        <test-method signature="loginWithValidCredentias()[pri:0, instance:testmethod.AdactinExecution@38604b81]" started-at="2021-12-05T06:55:43Z" name="loginWithValidCredentias" finished-at="2021-12-05T06:55:45Z" duration-ms="1501" status="PASS">
          <reporter-output>
          </reporter-output>
        </test-method> <!-- loginWithValidCredentias -->
        <test-method is-config="true" signature="afterMethod()[pri:0, instance:testmethod.AdactinExecution@38604b81]" started-at="2021-12-05T06:55:45Z" name="afterMethod" finished-at="2021-12-05T06:55:45Z" duration-ms="0" status="PASS">
          <reporter-output>
          </reporter-output>
        </test-method> <!-- afterMethod -->
      </class> <!-- testmethod.AdactinExecution -->
    </test> <!-- ChromeTest -->
    <test started-at="2021-12-05T06:55:45Z" name="EdgeTest" finished-at="2021-12-05T06:56:46Z" duration-ms="61293">
      <class name="testmethod.AdactinExecution">
        <test-method is-config="true" signature="beforeSuite()[pri:0, instance:testmethod.AdactinExecution@1b75c2e3]" started-at="2021-12-05T06:55:21Z" name="beforeSuite" finished-at="2021-12-05T06:55:21Z" duration-ms="30" status="PASS">
          <reporter-output>
          </reporter-output>
        </test-method> <!-- beforeSuite -->
        <test-method is-config="true" signature="browserlaunch(java.lang.String)[pri:0, instance:testmethod.AdactinExecution@1b75c2e3]" started-at="2021-12-05T06:55:45Z" name="browserlaunch" finished-at="2021-12-05T06:56:29Z" duration-ms="44035" status="PASS">
          <params>
            <param index="0">
              <value>
                <![CDATA[firefox]]>
              </value>
            </param>
          </params>
          <reporter-output>
          </reporter-output>
        </test-method> <!-- browserlaunch -->
        <test-method is-config="true" signature="beforeMethod(java.lang.String)[pri:0, instance:testmethod.AdactinExecution@1b75c2e3]" started-at="2021-12-05T06:56:29Z" name="beforeMethod" finished-at="2021-12-05T06:56:42Z" duration-ms="12767" status="PASS">
          <params>
            <param index="0">
              <value>
                <![CDATA[https://adactinhotelapp.com/]]>
              </value>
            </param>
          </params>
          <reporter-output>
          </reporter-output>
        </test-method> <!-- beforeMethod -->
        <test-method signature="loginWithInValidCredentias()[pri:0, instance:testmethod.AdactinExecution@1b75c2e3]" started-at="2021-12-05T06:56:42Z" name="loginWithInValidCredentias" finished-at="2021-12-05T06:56:44Z" duration-ms="2251" status="PASS">
          <reporter-output>
          </reporter-output>
        </test-method> <!-- loginWithInValidCredentias -->
        <test-method is-config="true" signature="afterMethod()[pri:0, instance:testmethod.AdactinExecution@1b75c2e3]" started-at="2021-12-05T06:56:44Z" name="afterMethod" finished-at="2021-12-05T06:56:44Z" duration-ms="0" status="PASS">
          <reporter-output>
          </reporter-output>
        </test-method> <!-- afterMethod -->
        <test-method signature="loginWithValidCredentias()[pri:0, instance:testmethod.AdactinExecution@1b75c2e3]" started-at="2021-12-05T06:56:44Z" name="loginWithValidCredentias" finished-at="2021-12-05T06:56:46Z" duration-ms="2223" status="PASS">
          <reporter-output>
          </reporter-output>
        </test-method> <!-- loginWithValidCredentias -->
        <test-method is-config="true" signature="afterMethod()[pri:0, instance:testmethod.AdactinExecution@1b75c2e3]" started-at="2021-12-05T06:56:46Z" name="afterMethod" finished-at="2021-12-05T06:56:46Z" duration-ms="0" status="PASS">
          <reporter-output>
          </reporter-output>
        </test-method> <!-- afterMethod -->
      </class> <!-- testmethod.AdactinExecution -->
    </test> <!-- EdgeTest -->
  </suite> <!-- Suite -->
</testng-results>
